Using pre-set license
Built from '2022.3/staging' branch; Version is '2022.3.2f1 (d74737c6db50) revision 14108471'; Using compiler version '192829333'; Build Type 'Release'
OS: 'Windows 11  (10.0.22631) 64bit CoreSingleLanguage' Language: 'en' Physical Memory: 16005 MB
BatchMode: 1, IsHumanControllingUs: 0, StartBugReporterOnCrash: 0, Is64bit: 1, IsPro: 1

COMMAND LINE ARGUMENTS:
C:\Program Files\Unity\Hub\Editor\2022.3.2f1\Editor\Unity.exe
-adb2
-batchMode
-noUpm
-name
AssetImportWorker6
-projectPath
C:/Unity Project/Research Project/Blob-Hero-Replica/Blob Hero Replica
-logFile
Logs/AssetImportWorker6.log
-srvPort
49993
Successfully changed project path to: C:/Unity Project/Research Project/Blob-Hero-Replica/Blob Hero Replica
C:/Unity Project/Research Project/Blob-Hero-Replica/Blob Hero Replica
[UnityMemory] Configuration Parameters - Can be set up in boot.config
    "memorysetup-bucket-allocator-granularity=16"
    "memorysetup-bucket-allocator-bucket-count=8"
    "memorysetup-bucket-allocator-block-size=33554432"
    "memorysetup-bucket-allocator-block-count=8"
    "memorysetup-main-allocator-block-size=16777216"
    "memorysetup-thread-allocator-block-size=16777216"
    "memorysetup-gfx-main-allocator-block-size=16777216"
    "memorysetup-gfx-thread-allocator-block-size=16777216"
    "memorysetup-cache-allocator-block-size=4194304"
    "memorysetup-typetree-allocator-block-size=2097152"
    "memorysetup-profiler-bucket-allocator-granularity=16"
    "memorysetup-profiler-bucket-allocator-bucket-count=8"
    "memorysetup-profiler-bucket-allocator-block-size=33554432"
    "memorysetup-profiler-bucket-allocator-block-count=8"
    "memorysetup-profiler-allocator-block-size=16777216"
    "memorysetup-profiler-editor-allocator-block-size=1048576"
    "memorysetup-temp-allocator-size-main=16777216"
    "memorysetup-job-temp-allocator-block-size=2097152"
    "memorysetup-job-temp-allocator-block-size-background=1048576"
    "memorysetup-job-temp-allocator-reduction-small-platforms=262144"
    "memorysetup-allocator-temp-initial-block-size-main=262144"
    "memorysetup-allocator-temp-initial-block-size-worker=262144"
    "memorysetup-temp-allocator-size-background-worker=32768"
    "memorysetup-temp-allocator-size-job-worker=262144"
    "memorysetup-temp-allocator-size-preload-manager=33554432"
    "memorysetup-temp-allocator-size-nav-mesh-worker=65536"
    "memorysetup-temp-allocator-size-audio-worker=65536"
    "memorysetup-temp-allocator-size-cloud-worker=32768"
    "memorysetup-temp-allocator-size-gi-baking-worker=262144"
    "memorysetup-temp-allocator-size-gfx=262144"
Player connection [3020] Host "[IP] 192.168.41.20 [Port] 0 [Flags] 2 [Guid] 4207721569 [EditorId] 4207721569 [Version] 1048832 [Id] WindowsEditor(7,Kanha) [Debug] 1 [PackageName] WindowsEditor [ProjectName] Editor" joined multi-casting on [225.0.0.222:54997]...

Player connection [3020] Host "[IP] 192.168.41.20 [Port] 0 [Flags] 2 [Guid] 4207721569 [EditorId] 4207721569 [Version] 1048832 [Id] WindowsEditor(7,Kanha) [Debug] 1 [PackageName] WindowsEditor [ProjectName] Editor" joined alternative multi-casting on [225.0.0.222:34997]...

Refreshing native plugins compatible for Editor in 1988.03 ms, found 4 plugins.
Preloading 0 native plugins for Editor in 0.00 ms.
Initialize engine version: 2022.3.2f1 (d74737c6db50)
[Subsystems] Discovering subsystems at path C:/Program Files/Unity/Hub/Editor/2022.3.2f1/Editor/Data/Resources/UnitySubsystems
[Subsystems] Discovering subsystems at path C:/Unity Project/Research Project/Blob-Hero-Replica/Blob Hero Replica/Assets
GfxDevice: creating device client; threaded=0; jobified=0
Direct3D:
    Version:  Direct3D 11.0 [level 11.1]
    Renderer: NVIDIA GeForce RTX 3050 Ti Laptop GPU (ID=0x25a0)
    Vendor:   NVIDIA
    VRAM:     3977 MB
    Driver:   31.0.15.4680
Initialize mono
Mono path[0] = 'C:/Program Files/Unity/Hub/Editor/2022.3.2f1/Editor/Data/Managed'
Mono path[1] = 'C:/Program Files/Unity/Hub/Editor/2022.3.2f1/Editor/Data/MonoBleedingEdge/lib/mono/unityjit-win32'
Mono config path = 'C:/Program Files/Unity/Hub/Editor/2022.3.2f1/Editor/Data/MonoBleedingEdge/etc'
Using monoOptions --debugger-agent=transport=dt_socket,embedding=1,server=y,suspend=n,address=127.0.0.1:56032
Begin MonoManager ReloadAssembly
Registering precompiled unity dll's ...
Register platform support module: C:/Program Files/Unity/Hub/Editor/2022.3.2f1/Editor/Data/PlaybackEngines/AndroidPlayer/UnityEditor.Android.Extensions.dll
Register platform support module: C:/Program Files/Unity/Hub/Editor/2022.3.2f1/Editor/Data/PlaybackEngines/WindowsStandaloneSupport/UnityEditor.WindowsStandalone.Extensions.dll
Registered in 0.347221 seconds.
- Loaded All Assemblies, in  6.416 seconds
Native extension for WindowsStandalone target not found
Native extension for Android target not found
Android Extension - Scanning For ADB Devices 317 ms
Mono: successfully reloaded assembly
- Finished resetting the current domain, in  0.690 seconds
Domain Reload Profiling: 7104ms
	BeginReloadAssembly (5192ms)
		ExecutionOrderSort (0ms)
		DisableScriptedObjects (0ms)
		BackupInstance (0ms)
		ReleaseScriptingObjects (0ms)
		CreateAndSetChildDomain (0ms)
	RebuildCommonClasses (164ms)
	RebuildNativeTypeToScriptingClass (7ms)
	initialDomainReloadingComplete (391ms)
	LoadAllAssembliesAndSetupDomain (660ms)
		LoadAssemblies (5190ms)
		RebuildTransferFunctionScriptingTraits (0ms)
		AnalyzeDomain (653ms)
			TypeCache.Refresh (653ms)
				TypeCache.ScanAssembly (643ms)
			ScanForSourceGeneratedMonoScriptInfo (0ms)
			ResolveRequiredComponents (0ms)
	FinalizeReload (690ms)
		ReleaseScriptCaches (0ms)
		RebuildScriptCaches (0ms)
		SetupLoadedEditorAssemblies (645ms)
			LogAssemblyErrors (0ms)
			InitializePlatformSupportModulesInManaged (535ms)
			SetLoadedEditorAssemblies (3ms)
			RefreshPlugins (0ms)
			BeforeProcessingInitializeOnLoad (2ms)
			ProcessInitializeOnLoadAttributes (66ms)
			ProcessInitializeOnLoadMethodAttributes (39ms)
			AfterProcessingInitializeOnLoad (0ms)
			EditorAssembliesLoaded (0ms)
		ExecutionOrderSort2 (0ms)
		AwakeInstancesAfterBackupRestoration (0ms)
========================================================================
Worker process is ready to serve import requests
Begin MonoManager ReloadAssembly
Symbol file LoadedFromMemory doesn't match image C:\Unity Project\Research Project\Blob-Hero-Replica\Blob Hero Replica\Library\PackageCache\com.unity.visualscripting@1.8.0\Editor\VisualScripting.Core\Dependencies\YamlDotNet\Unity.VisualScripting.YamlDotNet.dll
Symbol file LoadedFromMemory doesn't match image C:\Unity Project\Research Project\Blob-Hero-Replica\Blob Hero Replica\Library\PackageCache\com.unity.visualscripting@1.8.0\Editor\VisualScripting.Core\Dependencies\DotNetZip\Unity.VisualScripting.IonicZip.dll
- Loaded All Assemblies, in  9.193 seconds
Refreshing native plugins compatible for Editor in 9.43 ms, found 4 plugins.
Native extension for WindowsStandalone target not found
Native extension for Android target not found
Package Manager log level set to [2]
[Package Manager] Server::EnsureServerProcessIsRunning -- launch failed, reason: Unity was launched with the -noUpm command-line argument
[Package Manager] UpmClient::Send -- Unable to send message (not connected to UPM process).
[Package Manager] Cannot connect to Unity Package Manager local server
Mono: successfully reloaded assembly
- Finished resetting the current domain, in  0.916 seconds
Domain Reload Profiling: 10097ms
	BeginReloadAssembly (160ms)
		ExecutionOrderSort (0ms)
		DisableScriptedObjects (6ms)
		BackupInstance (0ms)
		ReleaseScriptingObjects (0ms)
		CreateAndSetChildDomain (22ms)
	RebuildCommonClasses (39ms)
	RebuildNativeTypeToScriptingClass (13ms)
	initialDomainReloadingComplete (63ms)
	LoadAllAssembliesAndSetupDomain (8907ms)
		LoadAssemblies (8083ms)
		RebuildTransferFunctionScriptingTraits (0ms)
		AnalyzeDomain (893ms)
			TypeCache.Refresh (864ms)
				TypeCache.ScanAssembly (793ms)
			ScanForSourceGeneratedMonoScriptInfo (24ms)
			ResolveRequiredComponents (5ms)
	FinalizeReload (916ms)
		ReleaseScriptCaches (0ms)
		RebuildScriptCaches (0ms)
		SetupLoadedEditorAssemblies (732ms)
			LogAssemblyErrors (0ms)
			InitializePlatformSupportModulesInManaged (35ms)
			SetLoadedEditorAssemblies (4ms)
			RefreshPlugins (0ms)
			BeforeProcessingInitializeOnLoad (87ms)
			ProcessInitializeOnLoadAttributes (540ms)
			ProcessInitializeOnLoadMethodAttributes (40ms)
			AfterProcessingInitializeOnLoad (26ms)
			EditorAssembliesLoaded (0ms)
		ExecutionOrderSort2 (0ms)
		AwakeInstancesAfterBackupRestoration (8ms)
Launched and connected shader compiler UnityShaderCompiler.exe after 0.05 seconds
Refreshing native plugins compatible for Editor in 10.59 ms, found 4 plugins.
Preloading 0 native plugins for Editor in 0.00 ms.
Unloading 4031 Unused Serialized files (Serialized files now loaded: 0)
Unloading 69 unused Assets / (244.8 KB). Loaded Objects now: 4494.
Memory consumption went from 150.2 MB to 150.0 MB.
Total: 4.416000 ms (FindLiveObjects: 0.291000 ms CreateObjectMapping: 0.150200 ms MarkObjects: 3.735300 ms  DeleteObjects: 0.238100 ms)

AssetImportParameters requested are different than current active one (requested -> active):
  custom:container-demuxer-ogg: 62fdf1f143b41e24485cea50d1cbac27 -> 
  custom:video-codec-MediaFoundation-h265: 746d11721c4dcdbdad8f713fa42b33f4 -> 
  custom:video-decoder-ogg-theora: a1e56fd34408186e4bbccfd4996cb3dc -> 
  custom:framework-win-MediaFoundation: 216162199b28c13a410421893ffa2e32 -> 
  custom:scripting/monoscript/fileName/JoystickInput.cs: d431df563cb99d3b5521cd148123605f -> 
  custom:container-demuxer-webm: 4f35f7cbe854078d1ac9338744f61a02 -> 
  custom:scripting/monoscript/fileName/JoystickSettings.cs: 83c349e30b54a042c3f2a6fc3fcafd8f -> 
  custom:container-muxer-webm: aa71ff27fc2769a1b78a27578f13a17b -> 
  custom:video-decoder-webm-vp8: 9c59270c3fd7afecdb556c50c9e8de78 -> 
  custom:SearchIndexIgnoredProperties: e643bd26f0fe6173181afceb89e7c659 -> 
  custom:AudioImporter_EditorPlatform: d09bf68614088b80899f8185d706f6e7 -> 
  custom:video-encoder-webm-vp8: eb34c28f22e8b96e1ab97ce403110664 -> 
  custom:audio-decoder-ogg-vorbis: bf7c407c2cedff20999df2af8eb42d56 -> 
  custom:scripting/monoscript/fileName/bl_Joystick.cs: bf82df8499b35a7c4cdfd1e22804752d -> 
  custom:audio-encoder-webm-vorbis: bf7c407c2cedff20999df2af8eb42d56 -> 
========================================================================
Received Import Request.
  Time since last request: 989170.110955 seconds.
  path: Assets/Blackthornprod/100 Fantasy Characters Pack/Prefabs/Character (1).prefab
  artifactKey: Guid(34a3833850ccfea4d8e03f8f79f95a8e) Importer(815301076,1909f56bfc062723c751e8b465ee728b)
Start importing Assets/Blackthornprod/100 Fantasy Characters Pack/Prefabs/Character (1).prefab using Guid(34a3833850ccfea4d8e03f8f79f95a8e) Importer(815301076,1909f56bfc062723c751e8b465ee728b)  -> (artifact id: '48284af1b62464f789275d100c314e4b') in 0.200886 seconds
Internal: There are remaining Allocations on the JobTempAlloc. This is a leak, and will impact performance
To Debug, run app with -diag-job-temp-memory-leak-validation cmd line argument. This will output the callstacks of the leaked allocations.
Number of updated asset objects reloaded before import = 0
Number of asset objects unloaded after import = 34
========================================================================
Received Import Request.
  Time since last request: 0.000028 seconds.
  path: Assets/Blackthornprod/100 Fantasy Characters Pack/Prefabs/Character (19).prefab
  artifactKey: Guid(80eb693f7c9ad06449a916427c057f7a) Importer(815301076,1909f56bfc062723c751e8b465ee728b)
Start importing Assets/Blackthornprod/100 Fantasy Characters Pack/Prefabs/Character (19).prefab using Guid(80eb693f7c9ad06449a916427c057f7a) Importer(815301076,1909f56bfc062723c751e8b465ee728b)  -> (artifact id: 'b05d8d383a33831ab3d0e56f343a2be8') in 0.110549 seconds
Internal: There are remaining Allocations on the JobTempAlloc. This is a leak, and will impact performance
To Debug, run app with -diag-job-temp-memory-leak-validation cmd line argument. This will output the callstacks of the leaked allocations.
Number of updated asset objects reloaded before import = 0
Number of asset objects unloaded after import = 25
========================================================================
Received Import Request.
  Time since last request: 0.000032 seconds.
  path: Assets/Blackthornprod/100 Fantasy Characters Pack/Prefabs/Character (5).prefab
  artifactKey: Guid(77be1b8f1402d744cb067e39258fcedc) Importer(815301076,1909f56bfc062723c751e8b465ee728b)
Start importing Assets/Blackthornprod/100 Fantasy Characters Pack/Prefabs/Character (5).prefab using Guid(77be1b8f1402d744cb067e39258fcedc) Importer(815301076,1909f56bfc062723c751e8b465ee728b)  -> (artifact id: 'c49b66c2375f34004230e0a090f3710c') in 0.047549 seconds
Internal: There are remaining Allocations on the JobTempAlloc. This is a leak, and will impact performance
To Debug, run app with -diag-job-temp-memory-leak-validation cmd line argument. This will output the callstacks of the leaked allocations.
Number of updated asset objects reloaded before import = 0
Number of asset objects unloaded after import = 34
========================================================================
Received Import Request.
  Time since last request: 0.000033 seconds.
  path: Assets/Blackthornprod/100 Fantasy Characters Pack/Prefabs/Character (12).prefab
  artifactKey: Guid(da87870c43885da43b5816cfd4d5ec9e) Importer(815301076,1909f56bfc062723c751e8b465ee728b)
Start importing Assets/Blackthornprod/100 Fantasy Characters Pack/Prefabs/Character (12).prefab using Guid(da87870c43885da43b5816cfd4d5ec9e) Importer(815301076,1909f56bfc062723c751e8b465ee728b)  -> (artifact id: '5581b90e11e25442d5d04f76970428de') in 0.046114 seconds
Internal: There are remaining Allocations on the JobTempAlloc. This is a leak, and will impact performance
To Debug, run app with -diag-job-temp-memory-leak-validation cmd line argument. This will output the callstacks of the leaked allocations.
Number of updated asset objects reloaded before import = 0
Number of asset objects unloaded after import = 25
========================================================================
Received Import Request.
  Time since last request: 0.000034 seconds.
  path: Assets/Blackthornprod/100 Fantasy Characters Pack/Prefabs/Character (8).prefab
  artifactKey: Guid(04557c871a7e606499e4598668edaafa) Importer(815301076,1909f56bfc062723c751e8b465ee728b)
Start importing Assets/Blackthornprod/100 Fantasy Characters Pack/Prefabs/Character (8).prefab using Guid(04557c871a7e606499e4598668edaafa) Importer(815301076,1909f56bfc062723c751e8b465ee728b)  -> (artifact id: '935d3aa9c3b22fb2ace29efe5f4a64db') in 0.046475 seconds
Internal: There are remaining Allocations on the JobTempAlloc. This is a leak, and will impact performance
To Debug, run app with -diag-job-temp-memory-leak-validation cmd line argument. This will output the callstacks of the leaked allocations.
Number of updated asset objects reloaded before import = 0
Number of asset objects unloaded after import = 34
========================================================================
Received Import Request.
  Time since last request: 0.000032 seconds.
  path: Assets/Blackthornprod/100 Fantasy Characters Pack/Prefabs/Character (7).prefab
  artifactKey: Guid(d6690c8a416d60d40a83a0ef96994663) Importer(815301076,1909f56bfc062723c751e8b465ee728b)
Start importing Assets/Blackthornprod/100 Fantasy Characters Pack/Prefabs/Character (7).prefab using Guid(d6690c8a416d60d40a83a0ef96994663) Importer(815301076,1909f56bfc062723c751e8b465ee728b)  -> (artifact id: 'cb04470da04ad2c2dad640dd9ede3213') in 0.051109 seconds
Internal: There are remaining Allocations on the JobTempAlloc. This is a leak, and will impact performance
To Debug, run app with -diag-job-temp-memory-leak-validation cmd line argument. This will output the callstacks of the leaked allocations.
Number of updated asset objects reloaded before import = 0
Number of asset objects unloaded after import = 34
========================================================================
Received Import Request.
  Time since last request: 0.000035 seconds.
  path: Assets/Blackthornprod/100 Fantasy Characters Pack/Prefabs/Character (22).prefab
  artifactKey: Guid(124ef9a01a3706b4e939977ad9c482d7) Importer(815301076,1909f56bfc062723c751e8b465ee728b)
Start importing Assets/Blackthornprod/100 Fantasy Characters Pack/Prefabs/Character (22).prefab using Guid(124ef9a01a3706b4e939977ad9c482d7) Importer(815301076,1909f56bfc062723c751e8b465ee728b)  -> (artifact id: '8ebbfe7c29a9bd213327fd8d32107f9e') in 0.051990 seconds
Internal: There are remaining Allocations on the JobTempAlloc. This is a leak, and will impact performance
To Debug, run app with -diag-job-temp-memory-leak-validation cmd line argument. This will output the callstacks of the leaked allocations.
Number of updated asset objects reloaded before import = 0
Number of asset objects unloaded after import = 18
========================================================================
Received Import Request.
  Time since last request: 0.000051 seconds.
  path: Assets/Blackthornprod/100 Fantasy Characters Pack/Prefabs/Character (3).prefab
  artifactKey: Guid(2193cfa0c41207e4399c5aa3be1aa7e1) Importer(815301076,1909f56bfc062723c751e8b465ee728b)
Start importing Assets/Blackthornprod/100 Fantasy Characters Pack/Prefabs/Character (3).prefab using Guid(2193cfa0c41207e4399c5aa3be1aa7e1) Importer(815301076,1909f56bfc062723c751e8b465ee728b)  -> (artifact id: '16094da8c2a130687311f4e45ba09aff') in 0.055240 seconds
Internal: There are remaining Allocations on the JobTempAlloc. This is a leak, and will impact performance
To Debug, run app with -diag-job-temp-memory-leak-validation cmd line argument. This will output the callstacks of the leaked allocations.
Number of updated asset objects reloaded before import = 0
Number of asset objects unloaded after import = 34
========================================================================
Received Import Request.
  Time since last request: 0.000028 seconds.
  path: Assets/Blackthornprod/100 Fantasy Characters Pack/Prefabs/Character (13).prefab
  artifactKey: Guid(eed26d9bbfc4c97498e43126828eb2da) Importer(815301076,1909f56bfc062723c751e8b465ee728b)
Start importing Assets/Blackthornprod/100 Fantasy Characters Pack/Prefabs/Character (13).prefab using Guid(eed26d9bbfc4c97498e43126828eb2da) Importer(815301076,1909f56bfc062723c751e8b465ee728b)  -> (artifact id: 'c01a9aa1e4b52ae2080527e5a310cf4d') in 0.052340 seconds
Internal: There are remaining Allocations on the JobTempAlloc. This is a leak, and will impact performance
To Debug, run app with -diag-job-temp-memory-leak-validation cmd line argument. This will output the callstacks of the leaked allocations.
Number of updated asset objects reloaded before import = 0
Number of asset objects unloaded after import = 25
========================================================================
Received Import Request.
  Time since last request: 0.000035 seconds.
  path: Assets/Blackthornprod/100 Fantasy Characters Pack/Prefabs/Character (15).prefab
  artifactKey: Guid(96196b80ec9d1c142aa664ab0846055a) Importer(815301076,1909f56bfc062723c751e8b465ee728b)
Start importing Assets/Blackthornprod/100 Fantasy Characters Pack/Prefabs/Character (15).prefab using Guid(96196b80ec9d1c142aa664ab0846055a) Importer(815301076,1909f56bfc062723c751e8b465ee728b)  -> (artifact id: '8e341c403af00f33d87770e2639ee8b9') in 0.050378 seconds
Internal: There are remaining Allocations on the JobTempAlloc. This is a leak, and will impact performance
To Debug, run app with -diag-job-temp-memory-leak-validation cmd line argument. This will output the callstacks of the leaked allocations.
Number of updated asset objects reloaded before import = 0
Number of asset objects unloaded after import = 25
========================================================================
Received Import Request.
  Time since last request: 0.000032 seconds.
  path: Assets/Blackthornprod/100 Fantasy Characters Pack/Prefabs/Character (17).prefab
  artifactKey: Guid(4b6e3090f4407fc4892cd3e5a35f4299) Importer(815301076,1909f56bfc062723c751e8b465ee728b)
Start importing Assets/Blackthornprod/100 Fantasy Characters Pack/Prefabs/Character (17).prefab using Guid(4b6e3090f4407fc4892cd3e5a35f4299) Importer(815301076,1909f56bfc062723c751e8b465ee728b)  -> (artifact id: '325794408c5cee2f2606dca03757f4ab') in 0.049695 seconds
Internal: There are remaining Allocations on the JobTempAlloc. This is a leak, and will impact performance
To Debug, run app with -diag-job-temp-memory-leak-validation cmd line argument. This will output the callstacks of the leaked allocations.
Number of updated asset objects reloaded before import = 0
Number of asset objects unloaded after import = 25
========================================================================
Received Import Request.
  Time since last request: 3.827253 seconds.
  path: Assets/Blackthornprod/100 Fantasy Characters Pack/Prefabs/Character (24).prefab
  artifactKey: Guid(42f23f27484493a48a70a0650a3607d1) Importer(815301076,1909f56bfc062723c751e8b465ee728b)
Start importing Assets/Blackthornprod/100 Fantasy Characters Pack/Prefabs/Character (24).prefab using Guid(42f23f27484493a48a70a0650a3607d1) Importer(815301076,1909f56bfc062723c751e8b465ee728b)  -> (artifact id: 'f08ba9ac5634683317500b625161b7a8') in 0.287808 seconds
Internal: JobTempAlloc has allocations that are more than the maximum lifespan of 4 frames old - this is not allowed and likely a leak
To Debug, run app with -diag-job-temp-memory-leak-validation cmd line argument. This will output the callstacks of the leaked allocations.
Internal: There are remaining Allocations on the JobTempAlloc. This is a leak, and will impact performance
To Debug, run app with -diag-job-temp-memory-leak-validation cmd line argument. This will output the callstacks of the leaked allocations.
Number of updated asset objects reloaded before import = 0
Number of asset objects unloaded after import = 18
========================================================================
Received Import Request.
  Time since last request: 0.000020 seconds.
  path: Assets/Blackthornprod/100 Fantasy Characters Pack/Prefabs/Character (28).prefab
  artifactKey: Guid(2449bd00fdab2c94d90a27208e462dcd) Importer(815301076,1909f56bfc062723c751e8b465ee728b)
Start importing Assets/Blackthornprod/100 Fantasy Characters Pack/Prefabs/Character (28).prefab using Guid(2449bd00fdab2c94d90a27208e462dcd) Importer(815301076,1909f56bfc062723c751e8b465ee728b)  -> (artifact id: 'ed38de1d2e67048d68d6d0a3f675adf4') in 0.051095 seconds
Internal: There are remaining Allocations on the JobTempAlloc. This is a leak, and will impact performance
To Debug, run app with -diag-job-temp-memory-leak-validation cmd line argument. This will output the callstacks of the leaked allocations.
Number of updated asset objects reloaded before import = 0
Number of asset objects unloaded after import = 18
========================================================================
Received Import Request.
  Time since last request: 0.468330 seconds.
  path: Assets/Blackthornprod/100 Fantasy Characters Pack/Prefabs/Character (31).prefab
  artifactKey: Guid(b6665c1d1459a9648b89cb38e5090a5e) Importer(815301076,1909f56bfc062723c751e8b465ee728b)
Start importing Assets/Blackthornprod/100 Fantasy Characters Pack/Prefabs/Character (31).prefab using Guid(b6665c1d1459a9648b89cb38e5090a5e) Importer(815301076,1909f56bfc062723c751e8b465ee728b)  -> (artifact id: 'afb4b40e92919ef5651c84e622cd8796') in 0.068958 seconds
Internal: There are remaining Allocations on the JobTempAlloc. This is a leak, and will impact performance
To Debug, run app with -diag-job-temp-memory-leak-validation cmd line argument. This will output the callstacks of the leaked allocations.
Number of updated asset objects reloaded before import = 0
Number of asset objects unloaded after import = 30
========================================================================
Received Import Request.
  Time since last request: 0.000023 seconds.
  path: Assets/Blackthornprod/100 Fantasy Characters Pack/Prefabs/Character (39).prefab
  artifactKey: Guid(d3992a94349c31542955b8482f5ed304) Importer(815301076,1909f56bfc062723c751e8b465ee728b)
Start importing Assets/Blackthornprod/100 Fantasy Characters Pack/Prefabs/Character (39).prefab using Guid(d3992a94349c31542955b8482f5ed304) Importer(815301076,1909f56bfc062723c751e8b465ee728b)  -> (artifact id: 'b5aa0cf11067ec502574fc48acd59ba8') in 0.066324 seconds
Internal: There are remaining Allocations on the JobTempAlloc. This is a leak, and will impact performance
To Debug, run app with -diag-job-temp-memory-leak-validation cmd line argument. This will output the callstacks of the leaked allocations.
Number of updated asset objects reloaded before import = 0
Number of asset objects unloaded after import = 30
========================================================================
Received Import Request.
  Time since last request: 0.000025 seconds.
  path: Assets/Blackthornprod/100 Fantasy Characters Pack/Prefabs/Character (40).prefab
  artifactKey: Guid(96944988f695d4c47af0515556018ce3) Importer(815301076,1909f56bfc062723c751e8b465ee728b)
Start importing Assets/Blackthornprod/100 Fantasy Characters Pack/Prefabs/Character (40).prefab using Guid(96944988f695d4c47af0515556018ce3) Importer(815301076,1909f56bfc062723c751e8b465ee728b)  -> (artifact id: '45315c497d9d2ca5116f1696975437eb') in 0.062283 seconds
Internal: There are remaining Allocations on the JobTempAlloc. This is a leak, and will impact performance
To Debug, run app with -diag-job-temp-memory-leak-validation cmd line argument. This will output the callstacks of the leaked allocations.
Number of updated asset objects reloaded before import = 0
Number of asset objects unloaded after import = 30
========================================================================
Received Import Request.
  Time since last request: 0.000024 seconds.
  path: Assets/Blackthornprod/100 Fantasy Characters Pack/Prefabs/Character (49).prefab
  artifactKey: Guid(579f1ddab810a25418b180b6a13e388b) Importer(815301076,1909f56bfc062723c751e8b465ee728b)
Start importing Assets/Blackthornprod/100 Fantasy Characters Pack/Prefabs/Character (49).prefab using Guid(579f1ddab810a25418b180b6a13e388b) Importer(815301076,1909f56bfc062723c751e8b465ee728b)  -> (artifact id: 'fefaafaa3a20caef1bbb5b2caf105505') in 0.064330 seconds
Internal: There are remaining Allocations on the JobTempAlloc. This is a leak, and will impact performance
To Debug, run app with -diag-job-temp-memory-leak-validation cmd line argument. This will output the callstacks of the leaked allocations.
Number of updated asset objects reloaded before import = 0
Number of asset objects unloaded after import = 23
Editor requested this worker to shutdown with reason: Scaling down because of idle timeout
TcpMessagingSession - receive error: operation aborted. errorcode: 995, details: The I/O operation has been aborted because of either a thread exit or an application request.
AssetImportWorker is now disconnected from the server
Process exiting
Exiting without the bug reporter. Application will terminate with return code 0